INFO:root:Here Slicing is performed:
INFO:root:h   r tnrrmglsnimeNGyosi dtfco
INFO:root:Here string reversal is performed:
INFO:root:noitcnuf sti dna gnirts nohtyp GNINrael ma i dna ssalc gnimmargorp nohtyP tsriF yM si siht
INFO:root:Here string is in upper case:
INFO:root:THIS IS MY FIRST PYTHON PROGRAMMING CLASS AND I AM LEARNING PYTHON STRING AND ITS FUNCTION
INFO:root:Splitting is performed:
INFO:root:['this', 'is', 'My', 'First', 'Python', 'programming', 'class', 'and', 'i', 'am', 'learNING', 'python', 'string', 'and', 'its', 'function']
INFO:root:Here String will be in Lower case:
INFO:root:this is my first python programming class and i am learning python string and its function
INFO:root:Here the string will be in capital:
INFO:root:This is my first python programming class and i am learning python string and its function
INFO:root:Here Slicing is performed:
INFO:root:h   r tnrrmglsnimeNGyosi dtfco
INFO:root:Here string reversal is performed:
INFO:root:noitcnuf sti dna gnirts nohtyp GNINrael ma i dna ssalc gnimmargorp nohtyP tsriF yM si siht
INFO:root:Here string is in upper case:
INFO:root:THIS IS MY FIRST PYTHON PROGRAMMING CLASS AND I AM LEARNING PYTHON STRING AND ITS FUNCTION
INFO:root:Splitting is performed:
INFO:root:['this', 'is', 'My', 'First', 'Python', 'programming', 'class', 'and', 'i', 'am', 'learNING', 'python', 'string', 'and', 'its', 'function']
INFO:root:Here String will be in Lower case:
INFO:root:this is my first python programming class and i am learning python string and its function
INFO:root:Here the string will be in capital:
INFO:root:This is my first python programming class and i am learning python string and its function
